#! /c/Source/iverilog-install/bin/vvp
:ivl_version "12.0 (devel)" "(s20150603-1539-g2693dd32b)";
:ivl_delay_selection "TYPICAL";
:vpi_time_precision + 0;
:vpi_module "D:\Application\iverilog\lib\ivl\system.vpi";
:vpi_module "D:\Application\iverilog\lib\ivl\vhdl_sys.vpi";
:vpi_module "D:\Application\iverilog\lib\ivl\vhdl_textio.vpi";
:vpi_module "D:\Application\iverilog\lib\ivl\v2005_math.vpi";
:vpi_module "D:\Application\iverilog\lib\ivl\va_math.vpi";
S_000002901a03e9d0 .scope module, "single_tb" "single_tb" 2 1;
 .timescale 0 0;
v0000029019f92440_0 .net "ac_out", 7 0, v0000029019f91930_0;  1 drivers
v0000029019f923a0_0 .net "alu_out", 7 0, v0000029019f91ed0_0;  1 drivers
v0000029019f92da0_0 .var "clk", 0 0;
v0000029019f92e40_0 .net "dm_addr", 4 0, L_0000029019f952a0;  1 drivers
v0000029019f95f20_0 .net "dm_in", 7 0, L_0000029019f2fb10;  1 drivers
v0000029019f96560_0 .net "dm_out", 7 0, v0000029019f93c00_0;  1 drivers
v0000029019f966a0_0 .net "im_addr", 4 0, L_0000029019f30590;  1 drivers
v0000029019f950c0_0 .net "im_in", 7 0, v0000029019f92940_0;  1 drivers
v0000029019f962e0_0 .net "op", 2 0, L_0000029019f96240;  1 drivers
v0000029019f95b60_0 .net "rd_mem", 0 0, v0000029019f91cf0_0;  1 drivers
v0000029019f95700_0 .var "rst", 0 0;
v0000029019f95ca0_0 .net "wr_mem", 0 0, v0000029019f91390_0;  1 drivers
S_000002901a03eb60 .scope module, "cpu" "CPU" 2 21, 3 244 0, S_000002901a03e9d0;
 .timescale 0 0;
    .port_info 0 /INPUT 1 "clk";
    .port_info 1 /INPUT 1 "rst";
    .port_info 2 /OUTPUT 1 "rd_mem";
    .port_info 3 /OUTPUT 1 "wr_mem";
    .port_info 4 /OUTPUT 5 "im_addr";
    .port_info 5 /OUTPUT 5 "dm_addr";
    .port_info 6 /INPUT 8 "im_in";
    .port_info 7 /OUTPUT 8 "dm_in";
    .port_info 8 /INPUT 8 "dm_out";
    .port_info 9 /OUTPUT 8 "ac_out";
    .port_info 10 /OUTPUT 8 "alu_out";
    .port_info 11 /OUTPUT 3 "op";
v0000029019f93840_0 .net "ac_out", 7 0, v0000029019f91930_0;  alias, 1 drivers
v0000029019f93340_0 .net "ac_src", 0 0, v0000029019f39d30_0;  1 drivers
v0000029019f92c60_0 .net "alu_out", 7 0, v0000029019f91ed0_0;  alias, 1 drivers
v0000029019f92080_0 .net "branch", 0 0, v000002901a03ba20_0;  1 drivers
v0000029019f93d40_0 .net "clk", 0 0, v0000029019f92da0_0;  1 drivers
v0000029019f933e0_0 .net "dm_addr", 4 0, L_0000029019f952a0;  alias, 1 drivers
v0000029019f937a0_0 .net "dm_in", 7 0, L_0000029019f2fb10;  alias, 1 drivers
v0000029019f93de0_0 .net "dm_out", 7 0, v0000029019f93c00_0;  alias, 1 drivers
v0000029019f938e0_0 .net "im_addr", 4 0, L_0000029019f30590;  alias, 1 drivers
v0000029019f93f20_0 .net "im_in", 7 0, v0000029019f92940_0;  alias, 1 drivers
v0000029019f92760_0 .net "ld_ac", 0 0, v0000029019f91d90_0;  1 drivers
v0000029019f93980_0 .net "op", 2 0, L_0000029019f96240;  alias, 1 drivers
v0000029019f92800_0 .net "pc_src", 0 0, v0000029019f91c50_0;  1 drivers
v0000029019f92120_0 .net "rd_mem", 0 0, v0000029019f91cf0_0;  alias, 1 drivers
v0000029019f93480_0 .net "rst", 0 0, v0000029019f95700_0;  1 drivers
v0000029019f93ac0_0 .net "wr_mem", 0 0, v0000029019f91390_0;  alias, 1 drivers
S_0000029019f110c0 .scope module, "ctl" "decoder" 3 277, 3 65 0, S_000002901a03eb60;
 .timescale 0 0;
    .port_info 0 /INPUT 3 "op";
    .port_info 1 /OUTPUT 1 "rd_mem";
    .port_info 2 /OUTPUT 1 "wr_mem";
    .port_info 3 /OUTPUT 1 "ld_ac";
    .port_info 4 /OUTPUT 1 "ac_src";
    .port_info 5 /OUTPUT 1 "pc_src";
    .port_info 6 /OUTPUT 1 "branch";
v0000029019f39d30_0 .var "ac_src", 0 0;
v000002901a03ba20_0 .var "branch", 0 0;
v0000029019f91d90_0 .var "ld_ac", 0 0;
v0000029019f91bb0_0 .net "op", 2 0, L_0000029019f96240;  alias, 1 drivers
v0000029019f91c50_0 .var "pc_src", 0 0;
v0000029019f91cf0_0 .var "rd_mem", 0 0;
v0000029019f91390_0 .var "wr_mem", 0 0;
E_0000029019f3a360 .event anyedge, v0000029019f91bb0_0;
S_0000029019f11250 .scope module, "dpu" "datapath" 3 262, 3 182 0, S_000002901a03eb60;
 .timescale 0 0;
    .port_info 0 /INPUT 1 "clk";
    .port_info 1 /INPUT 1 "rst";
    .port_info 2 /INPUT 1 "ld_ac";
    .port_info 3 /INPUT 1 "ac_src";
    .port_info 4 /INPUT 1 "pc_src";
    .port_info 5 /OUTPUT 3 "op";
    .port_info 6 /OUTPUT 5 "im_addr";
    .port_info 7 /INPUT 8 "im_in";
    .port_info 8 /OUTPUT 5 "dm_addr";
    .port_info 9 /OUTPUT 8 "dm_in";
    .port_info 10 /INPUT 8 "dm_out";
    .port_info 11 /OUTPUT 8 "ac_out";
    .port_info 12 /OUTPUT 8 "alu_out";
L_0000029019f30590 .functor BUFZ 5, v0000029019f924e0_0, C4<00000>, C4<00000>, C4<00000>;
L_0000029019f2fb10 .functor BUFZ 8, v0000029019f91930_0, C4<00000000>, C4<00000000>, C4<00000000>;
v0000029019f93520_0 .net "ac_out", 7 0, v0000029019f91930_0;  alias, 1 drivers
v0000029019f93660_0 .net "ac_src", 0 0, v0000029019f39d30_0;  alias, 1 drivers
v0000029019f930c0_0 .net "adder_out", 4 0, L_0000029019f949e0;  1 drivers
v0000029019f92a80_0 .net "alu_out", 7 0, v0000029019f91ed0_0;  alias, 1 drivers
v0000029019f93700_0 .net "clk", 0 0, v0000029019f92da0_0;  alias, 1 drivers
v0000029019f92580_0 .net "dm_addr", 4 0, L_0000029019f952a0;  alias, 1 drivers
v0000029019f935c0_0 .net "dm_in", 7 0, L_0000029019f2fb10;  alias, 1 drivers
v0000029019f92bc0_0 .net "dm_out", 7 0, v0000029019f93c00_0;  alias, 1 drivers
v0000029019f929e0_0 .net "im_addr", 4 0, L_0000029019f30590;  alias, 1 drivers
v0000029019f93200_0 .net "im_in", 7 0, v0000029019f92940_0;  alias, 1 drivers
v0000029019f93e80_0 .net "ld_ac", 0 0, v0000029019f91d90_0;  alias, 1 drivers
v0000029019f92f80_0 .net "mux1_out", 4 0, L_0000029019f95160;  1 drivers
v0000029019f92620_0 .net "mux2_out", 7 0, L_0000029019f964c0;  1 drivers
v0000029019f93020_0 .net "op", 2 0, L_0000029019f96240;  alias, 1 drivers
v0000029019f932a0_0 .net "pc_out", 4 0, v0000029019f924e0_0;  1 drivers
v0000029019f93160_0 .net "pc_src", 0 0, v0000029019f91c50_0;  alias, 1 drivers
v0000029019f93a20_0 .net "rst", 0 0, v0000029019f95700_0;  alias, 1 drivers
L_0000029019f95200 .part v0000029019f92940_0, 0, 5;
L_0000029019f96240 .part v0000029019f92940_0, 5, 3;
L_0000029019f952a0 .part v0000029019f92940_0, 0, 5;
S_0000029019f25ec0 .scope module, "acc0" "acc" 3 219, 3 13 0, S_0000029019f11250;
 .timescale 0 0;
    .port_info 0 /INPUT 1 "clk";
    .port_info 1 /INPUT 1 "rst";
    .port_info 2 /INPUT 1 "ld";
    .port_info 3 /INPUT 8 "in";
    .port_info 4 /OUTPUT 8 "out";
v0000029019f91f70_0 .net "clk", 0 0, v0000029019f92da0_0;  alias, 1 drivers
v0000029019f91430_0 .net "in", 7 0, L_0000029019f964c0;  alias, 1 drivers
v0000029019f914d0_0 .net "ld", 0 0, v0000029019f91d90_0;  alias, 1 drivers
v0000029019f91930_0 .var "out", 7 0;
v0000029019f912f0_0 .net "rst", 0 0, v0000029019f95700_0;  alias, 1 drivers
E_0000029019f3a020 .event posedge, v0000029019f91f70_0;
S_0000029019f26050 .scope module, "adder0" "adder" 3 208, 3 46 0, S_0000029019f11250;
 .timescale 0 0;
    .port_info 0 /INPUT 5 "a";
    .port_info 1 /INPUT 5 "b";
    .port_info 2 /OUTPUT 5 "out";
v0000029019f91250_0 .net "a", 4 0, v0000029019f924e0_0;  alias, 1 drivers
L_000002901a380088 .functor BUFT 1, C4<00001>, C4<0>, C4<0>, C4<0>;
v0000029019f91a70_0 .net "b", 4 0, L_000002901a380088;  1 drivers
v0000029019f91b10_0 .net "out", 4 0, L_0000029019f949e0;  alias, 1 drivers
L_0000029019f949e0 .arith/sum 5, v0000029019f924e0_0, L_000002901a380088;
S_0000029019f1f110 .scope module, "alu0" "alu" 3 226, 3 26 0, S_0000029019f11250;
 .timescale 0 0;
    .port_info 0 /INPUT 3 "op";
    .port_info 1 /INPUT 8 "a";
    .port_info 2 /INPUT 8 "b";
    .port_info 3 /OUTPUT 8 "out";
v0000029019f91750_0 .net "a", 7 0, v0000029019f91930_0;  alias, 1 drivers
v0000029019f917f0_0 .net "b", 7 0, v0000029019f93c00_0;  alias, 1 drivers
v0000029019f91e30_0 .net "op", 2 0, L_0000029019f96240;  alias, 1 drivers
v0000029019f91ed0_0 .var "out", 7 0;
E_0000029019f3ad60 .event anyedge, v0000029019f91bb0_0, v0000029019f91930_0, v0000029019f917f0_0;
S_0000029019f1f2a0 .scope module, "mux1" "mux2to1" 3 213, 3 54 0, S_0000029019f11250;
 .timescale 0 0;
    .port_info 0 /INPUT 1 "sel";
    .port_info 1 /INPUT 5 "in1";
    .port_info 2 /INPUT 5 "in2";
    .port_info 3 /OUTPUT 5 "out";
P_0000029019f3ac60 .param/l "BITS" 0 3 55, +C4<00000000000000000000000000000101>;
v0000029019f91070_0 .net "in1", 4 0, L_0000029019f949e0;  alias, 1 drivers
v0000029019f91110_0 .net "in2", 4 0, L_0000029019f95200;  1 drivers
v0000029019f91570_0 .net "out", 4 0, L_0000029019f95160;  alias, 1 drivers
v0000029019f91610_0 .net "sel", 0 0, v0000029019f91c50_0;  alias, 1 drivers
L_0000029019f95160 .functor MUXZ 5, L_0000029019f949e0, L_0000029019f95200, v0000029019f91c50_0, C4<>;
S_0000029019f22190 .scope module, "mux2" "mux2to1" 3 232, 3 54 0, S_0000029019f11250;
 .timescale 0 0;
    .port_info 0 /INPUT 1 "sel";
    .port_info 1 /INPUT 8 "in1";
    .port_info 2 /INPUT 8 "in2";
    .port_info 3 /OUTPUT 8 "out";
P_0000029019f3a760 .param/l "BITS" 0 3 55, +C4<00000000000000000000000000001000>;
v0000029019f91890_0 .net "in1", 7 0, v0000029019f91ed0_0;  alias, 1 drivers
v0000029019f919d0_0 .net "in2", 7 0, v0000029019f93c00_0;  alias, 1 drivers
v0000029019f916b0_0 .net "out", 7 0, L_0000029019f964c0;  alias, 1 drivers
v0000029019f911b0_0 .net "sel", 0 0, v0000029019f39d30_0;  alias, 1 drivers
L_0000029019f964c0 .functor MUXZ 8, v0000029019f91ed0_0, v0000029019f93c00_0, v0000029019f39d30_0, C4<>;
S_0000029019f22320 .scope module, "pc0" "pc" 3 202, 3 1 0, S_0000029019f11250;
 .timescale 0 0;
    .port_info 0 /INPUT 1 "clk";
    .port_info 1 /INPUT 1 "rst";
    .port_info 2 /INPUT 5 "in";
    .port_info 3 /OUTPUT 5 "out";
v0000029019f93ca0_0 .net "clk", 0 0, v0000029019f92da0_0;  alias, 1 drivers
v0000029019f928a0_0 .net "in", 4 0, L_0000029019f95160;  alias, 1 drivers
v0000029019f924e0_0 .var "out", 4 0;
v0000029019f92ee0_0 .net "rst", 0 0, v0000029019f95700_0;  alias, 1 drivers
S_0000029019f0c130 .scope module, "dm" "datamem" 2 39, 3 143 0, S_000002901a03e9d0;
 .timescale 0 0;
    .port_info 0 /INPUT 1 "rd";
    .port_info 1 /INPUT 1 "wr";
    .port_info 2 /INPUT 5 "addr";
    .port_info 3 /INPUT 8 "in";
    .port_info 4 /OUTPUT 8 "out";
v0000029019f92260_0 .net "addr", 4 0, L_0000029019f952a0;  alias, 1 drivers
v0000029019f92b20_0 .net "in", 7 0, L_0000029019f2fb10;  alias, 1 drivers
v0000029019f93b60 .array "mem", 31 0, 7 0;
v0000029019f93c00_0 .var "out", 7 0;
v0000029019f92d00_0 .net "rd", 0 0, v0000029019f91cf0_0;  alias, 1 drivers
v0000029019f926c0_0 .net "wr", 0 0, v0000029019f91390_0;  alias, 1 drivers
E_0000029019f3a320 .event anyedge, v0000029019f935c0_0, v0000029019f91390_0;
E_0000029019f3a7a0 .event anyedge, v0000029019f92580_0, v0000029019f91cf0_0;
S_0000029019f0c2c0 .scope module, "im" "codemem" 2 35, 3 162 0, S_000002901a03e9d0;
 .timescale 0 0;
    .port_info 0 /INPUT 5 "addr";
    .port_info 1 /OUTPUT 8 "out";
v0000029019f921c0_0 .net "addr", 4 0, L_0000029019f30590;  alias, 1 drivers
v0000029019f92300 .array "ins", 31 0, 7 0;
v0000029019f92940_0 .var "out", 7 0;
E_0000029019f3ab20 .event anyedge, v0000029019f929e0_0;
    .scope S_0000029019f22320;
T_0 ;
    %wait E_0000029019f3a020;
    %load/vec4 v0000029019f92ee0_0;
    %flag_set/vec4 8;
    %jmp/0xz  T_0.0, 8;
    %pushi/vec4 0, 0, 5;
    %assign/vec4 v0000029019f924e0_0, 0;
    %jmp T_0.1;
T_0.0 ;
    %load/vec4 v0000029019f928a0_0;
    %assign/vec4 v0000029019f924e0_0, 0;
T_0.1 ;
    %jmp T_0;
    .thread T_0;
    .scope S_0000029019f25ec0;
T_1 ;
    %wait E_0000029019f3a020;
    %load/vec4 v0000029019f912f0_0;
    %flag_set/vec4 8;
    %jmp/0xz  T_1.0, 8;
    %pushi/vec4 0, 0, 8;
    %store/vec4 v0000029019f91930_0, 0, 8;
    %jmp T_1.1;
T_1.0 ;
    %load/vec4 v0000029019f914d0_0;
    %flag_set/vec4 8;
    %jmp/0xz  T_1.2, 8;
    %load/vec4 v0000029019f91430_0;
    %assign/vec4 v0000029019f91930_0, 0;
T_1.2 ;
T_1.1 ;
    %jmp T_1;
    .thread T_1;
    .scope S_0000029019f1f110;
T_2 ;
    %wait E_0000029019f3ad60;
    %load/vec4 v0000029019f91e30_0;
    %dup/vec4;
    %pushi/vec4 0, 0, 3;
    %cmp/u;
    %jmp/1 T_2.0, 6;
    %dup/vec4;
    %pushi/vec4 1, 0, 3;
    %cmp/u;
    %jmp/1 T_2.1, 6;
    %dup/vec4;
    %pushi/vec4 2, 0, 3;
    %cmp/u;
    %jmp/1 T_2.2, 6;
    %dup/vec4;
    %pushi/vec4 3, 0, 3;
    %cmp/u;
    %jmp/1 T_2.3, 6;
    %dup/vec4;
    %pushi/vec4 4, 0, 3;
    %cmp/u;
    %jmp/1 T_2.4, 6;
    %dup/vec4;
    %pushi/vec4 5, 0, 3;
    %cmp/u;
    %jmp/1 T_2.5, 6;
    %dup/vec4;
    %pushi/vec4 6, 0, 3;
    %cmp/u;
    %jmp/1 T_2.6, 6;
    %pushi/vec4 0, 0, 8;
    %store/vec4 v0000029019f91ed0_0, 0, 8;
    %jmp T_2.8;
T_2.0 ;
    %load/vec4 v0000029019f91750_0;
    %load/vec4 v0000029019f917f0_0;
    %add;
    %store/vec4 v0000029019f91ed0_0, 0, 8;
    %jmp T_2.8;
T_2.1 ;
    %load/vec4 v0000029019f91750_0;
    %load/vec4 v0000029019f917f0_0;
    %sub;
    %store/vec4 v0000029019f91ed0_0, 0, 8;
    %jmp T_2.8;
T_2.2 ;
    %load/vec4 v0000029019f91750_0;
    %load/vec4 v0000029019f917f0_0;
    %and;
    %store/vec4 v0000029019f91ed0_0, 0, 8;
    %jmp T_2.8;
T_2.3 ;
    %load/vec4 v0000029019f91750_0;
    %load/vec4 v0000029019f917f0_0;
    %or;
    %store/vec4 v0000029019f91ed0_0, 0, 8;
    %jmp T_2.8;
T_2.4 ;
    %load/vec4 v0000029019f917f0_0;
    %inv;
    %store/vec4 v0000029019f91ed0_0, 0, 8;
    %jmp T_2.8;
T_2.5 ;
    %load/vec4 v0000029019f91750_0;
    %load/vec4 v0000029019f917f0_0;
    %xor;
    %store/vec4 v0000029019f91ed0_0, 0, 8;
    %jmp T_2.8;
T_2.6 ;
    %load/vec4 v0000029019f91750_0;
    %load/vec4 v0000029019f917f0_0;
    %xnor;
    %store/vec4 v0000029019f91ed0_0, 0, 8;
    %jmp T_2.8;
T_2.8 ;
    %pop/vec4 1;
    %jmp T_2;
    .thread T_2, $push;
    .scope S_0000029019f110c0;
T_3 ;
    %wait E_0000029019f3a360;
    %pushi/vec4 0, 0, 1;
    %store/vec4 v0000029019f91cf0_0, 0, 1;
    %pushi/vec4 0, 0, 1;
    %store/vec4 v0000029019f91390_0, 0, 1;
    %pushi/vec4 0, 0, 1;
    %store/vec4 v0000029019f91d90_0, 0, 1;
    %pushi/vec4 0, 0, 1;
    %store/vec4 v0000029019f39d30_0, 0, 1;
    %pushi/vec4 0, 0, 1;
    %store/vec4 v0000029019f91c50_0, 0, 1;
    %pushi/vec4 0, 0, 1;
    %store/vec4 v000002901a03ba20_0, 0, 1;
    %load/vec4 v0000029019f91bb0_0;
    %dup/vec4;
    %pushi/vec4 0, 0, 3;
    %cmp/u;
    %jmp/1 T_3.0, 6;
    %dup/vec4;
    %pushi/vec4 1, 0, 3;
    %cmp/u;
    %jmp/1 T_3.1, 6;
    %dup/vec4;
    %pushi/vec4 2, 0, 3;
    %cmp/u;
    %jmp/1 T_3.2, 6;
    %dup/vec4;
    %pushi/vec4 3, 0, 3;
    %cmp/u;
    %jmp/1 T_3.3, 6;
    %dup/vec4;
    %pushi/vec4 4, 0, 3;
    %cmp/u;
    %jmp/1 T_3.4, 6;
    %dup/vec4;
    %pushi/vec4 5, 0, 3;
    %cmp/u;
    %jmp/1 T_3.5, 6;
    %dup/vec4;
    %pushi/vec4 6, 0, 3;
    %cmp/u;
    %jmp/1 T_3.6, 6;
    %dup/vec4;
    %pushi/vec4 7, 0, 3;
    %cmp/u;
    %jmp/1 T_3.7, 6;
    %pushi/vec4 0, 0, 1;
    %store/vec4 v0000029019f91cf0_0, 0, 1;
    %pushi/vec4 0, 0, 1;
    %store/vec4 v0000029019f91390_0, 0, 1;
    %pushi/vec4 0, 0, 1;
    %store/vec4 v0000029019f91d90_0, 0, 1;
    %pushi/vec4 0, 0, 1;
    %store/vec4 v0000029019f39d30_0, 0, 1;
    %pushi/vec4 0, 0, 1;
    %store/vec4 v0000029019f91c50_0, 0, 1;
    %jmp T_3.9;
T_3.0 ;
    %pushi/vec4 1, 0, 1;
    %store/vec4 v0000029019f91cf0_0, 0, 1;
    %pushi/vec4 0, 0, 1;
    %store/vec4 v0000029019f91390_0, 0, 1;
    %pushi/vec4 1, 0, 1;
    %store/vec4 v0000029019f91d90_0, 0, 1;
    %pushi/vec4 0, 0, 1;
    %store/vec4 v0000029019f39d30_0, 0, 1;
    %jmp T_3.9;
T_3.1 ;
    %pushi/vec4 1, 0, 1;
    %store/vec4 v0000029019f91cf0_0, 0, 1;
    %pushi/vec4 0, 0, 1;
    %store/vec4 v0000029019f91390_0, 0, 1;
    %pushi/vec4 1, 0, 1;
    %store/vec4 v0000029019f91d90_0, 0, 1;
    %pushi/vec4 0, 0, 1;
    %store/vec4 v0000029019f39d30_0, 0, 1;
    %jmp T_3.9;
T_3.2 ;
    %pushi/vec4 1, 0, 1;
    %store/vec4 v0000029019f91cf0_0, 0, 1;
    %pushi/vec4 0, 0, 1;
    %store/vec4 v0000029019f91390_0, 0, 1;
    %pushi/vec4 1, 0, 1;
    %store/vec4 v0000029019f91d90_0, 0, 1;
    %pushi/vec4 0, 0, 1;
    %store/vec4 v0000029019f39d30_0, 0, 1;
    %jmp T_3.9;
T_3.3 ;
    %pushi/vec4 1, 0, 1;
    %store/vec4 v0000029019f91cf0_0, 0, 1;
    %pushi/vec4 0, 0, 1;
    %store/vec4 v0000029019f91390_0, 0, 1;
    %pushi/vec4 1, 0, 1;
    %store/vec4 v0000029019f91d90_0, 0, 1;
    %pushi/vec4 0, 0, 1;
    %store/vec4 v0000029019f39d30_0, 0, 1;
    %jmp T_3.9;
T_3.4 ;
    %pushi/vec4 1, 0, 1;
    %store/vec4 v0000029019f91cf0_0, 0, 1;
    %pushi/vec4 0, 0, 1;
    %store/vec4 v0000029019f91390_0, 0, 1;
    %pushi/vec4 1, 0, 1;
    %store/vec4 v0000029019f91d90_0, 0, 1;
    %pushi/vec4 0, 0, 1;
    %store/vec4 v0000029019f39d30_0, 0, 1;
    %jmp T_3.9;
T_3.5 ;
    %pushi/vec4 1, 0, 1;
    %store/vec4 v0000029019f91cf0_0, 0, 1;
    %pushi/vec4 0, 0, 1;
    %store/vec4 v0000029019f91390_0, 0, 1;
    %pushi/vec4 1, 0, 1;
    %store/vec4 v0000029019f91d90_0, 0, 1;
    %pushi/vec4 0, 0, 1;
    %store/vec4 v0000029019f39d30_0, 0, 1;
    %jmp T_3.9;
T_3.6 ;
    %pushi/vec4 1, 0, 1;
    %store/vec4 v0000029019f91cf0_0, 0, 1;
    %pushi/vec4 0, 0, 1;
    %store/vec4 v0000029019f91390_0, 0, 1;
    %pushi/vec4 1, 0, 1;
    %store/vec4 v0000029019f91d90_0, 0, 1;
    %pushi/vec4 0, 0, 1;
    %store/vec4 v0000029019f39d30_0, 0, 1;
    %jmp T_3.9;
T_3.7 ;
    %pushi/vec4 0, 0, 1;
    %store/vec4 v0000029019f91cf0_0, 0, 1;
    %pushi/vec4 0, 0, 1;
    %store/vec4 v0000029019f91390_0, 0, 1;
    %pushi/vec4 0, 0, 1;
    %store/vec4 v0000029019f91d90_0, 0, 1;
    %pushi/vec4 0, 0, 1;
    %store/vec4 v0000029019f39d30_0, 0, 1;
    %pushi/vec4 1, 0, 1;
    %store/vec4 v0000029019f91c50_0, 0, 1;
    %pushi/vec4 1, 0, 1;
    %store/vec4 v000002901a03ba20_0, 0, 1;
    %jmp T_3.9;
T_3.9 ;
    %pop/vec4 1;
    %jmp T_3;
    .thread T_3, $push;
    .scope S_0000029019f0c2c0;
T_4 ;
    %wait E_0000029019f3ab20;
    %load/vec4 v0000029019f921c0_0;
    %pad/u 7;
    %ix/vec4 4;
    %load/vec4a v0000029019f92300, 4;
    %store/vec4 v0000029019f92940_0, 0, 8;
    %jmp T_4;
    .thread T_4, $push;
    .scope S_0000029019f0c2c0;
T_5 ;
    %pushi/vec4 0, 0, 8;
    %ix/load 4, 0, 0;
    %flag_set/imm 4, 0;
    %store/vec4a v0000029019f92300, 4, 0;
    %pushi/vec4 33, 0, 8;
    %ix/load 4, 1, 0;
    %flag_set/imm 4, 0;
    %store/vec4a v0000029019f92300, 4, 0;
    %pushi/vec4 66, 0, 8;
    %ix/load 4, 2, 0;
    %flag_set/imm 4, 0;
    %store/vec4a v0000029019f92300, 4, 0;
    %pushi/vec4 99, 0, 8;
    %ix/load 4, 3, 0;
    %flag_set/imm 4, 0;
    %store/vec4a v0000029019f92300, 4, 0;
    %pushi/vec4 132, 0, 8;
    %ix/load 4, 4, 0;
    %flag_set/imm 4, 0;
    %store/vec4a v0000029019f92300, 4, 0;
    %pushi/vec4 164, 0, 8;
    %ix/load 4, 5, 0;
    %flag_set/imm 4, 0;
    %store/vec4a v0000029019f92300, 4, 0;
    %pushi/vec4 196, 0, 8;
    %ix/load 4, 6, 0;
    %flag_set/imm 4, 0;
    %store/vec4a v0000029019f92300, 4, 0;
    %pushi/vec4 234, 0, 8;
    %ix/load 4, 7, 0;
    %flag_set/imm 4, 0;
    %store/vec4a v0000029019f92300, 4, 0;
    %pushi/vec4 0, 0, 8;
    %ix/load 4, 10, 0;
    %flag_set/imm 4, 0;
    %store/vec4a v0000029019f92300, 4, 0;
    %pushi/vec4 224, 0, 8;
    %ix/load 4, 11, 0;
    %flag_set/imm 4, 0;
    %store/vec4a v0000029019f92300, 4, 0;
    %end;
    .thread T_5;
    .scope S_0000029019f0c130;
T_6 ;
    %wait E_0000029019f3a7a0;
    %load/vec4 v0000029019f92d00_0;
    %flag_set/vec4 8;
    %jmp/0xz  T_6.0, 8;
    %load/vec4 v0000029019f92260_0;
    %pad/u 7;
    %ix/vec4 4;
    %load/vec4a v0000029019f93b60, 4;
    %store/vec4 v0000029019f93c00_0, 0, 8;
T_6.0 ;
    %jmp T_6;
    .thread T_6, $push;
    .scope S_0000029019f0c130;
T_7 ;
    %wait E_0000029019f3a320;
    %load/vec4 v0000029019f926c0_0;
    %flag_set/vec4 8;
    %jmp/0xz  T_7.0, 8;
    %load/vec4 v0000029019f92b20_0;
    %load/vec4 v0000029019f92260_0;
    %pad/u 7;
    %ix/vec4 4;
    %store/vec4a v0000029019f93b60, 4, 0;
T_7.0 ;
    %jmp T_7;
    .thread T_7, $push;
    .scope S_0000029019f0c130;
T_8 ;
    %pushi/vec4 1, 0, 8;
    %ix/load 4, 0, 0;
    %flag_set/imm 4, 0;
    %store/vec4a v0000029019f93b60, 4, 0;
    %pushi/vec4 2, 0, 8;
    %ix/load 4, 1, 0;
    %flag_set/imm 4, 0;
    %store/vec4a v0000029019f93b60, 4, 0;
    %pushi/vec4 3, 0, 8;
    %ix/load 4, 2, 0;
    %flag_set/imm 4, 0;
    %store/vec4a v0000029019f93b60, 4, 0;
    %pushi/vec4 4, 0, 8;
    %ix/load 4, 3, 0;
    %flag_set/imm 4, 0;
    %store/vec4a v0000029019f93b60, 4, 0;
    %pushi/vec4 5, 0, 8;
    %ix/load 4, 4, 0;
    %flag_set/imm 4, 0;
    %store/vec4a v0000029019f93b60, 4, 0;
    %end;
    .thread T_8;
    .scope S_000002901a03e9d0;
T_9 ;
    %vpi_call 2 3 "$dumpfile", "single_tb.vcd" {0 0 0};
    %vpi_call 2 4 "$dumpvars", 32'sb00000000000000000000000000000000, S_000002901a03e9d0 {0 0 0};
    %end;
    .thread T_9;
    .scope S_000002901a03e9d0;
T_10 ;
    %pushi/vec4 0, 0, 1;
    %store/vec4 v0000029019f92da0_0, 0, 1;
    %pushi/vec4 1, 0, 1;
    %store/vec4 v0000029019f95700_0, 0, 1;
    %delay 20, 0;
    %pushi/vec4 0, 0, 1;
    %store/vec4 v0000029019f95700_0, 0, 1;
    %delay 500, 0;
    %vpi_call 2 51 "$finish" {0 0 0};
    %end;
    .thread T_10;
    .scope S_000002901a03e9d0;
T_11 ;
    %delay 10, 0;
    %load/vec4 v0000029019f92da0_0;
    %inv;
    %store/vec4 v0000029019f92da0_0, 0, 1;
    %jmp T_11;
    .thread T_11;
# The file index is used to find the file name in the following table.
:file_names 4;
    "N/A";
    "<interactive>";
    "tb\single_tb.v";
    "rtl\single.v";
